
FEM engine                : 372.000 2020-02-24
FEM solver                : 1.3.0
AFS                       : 3.1.1
Machine                   : DESKTOP-ABQCKT3
Maximum number of threads : Automatic
Maximum number of solvers : 1
Date                      : Tue Sep 22 10:11:09 2020
Design                    : E:\Github\youtube-current-return-path\Return Current Path_wrk\simulation\PCB01_lib\%P%C%B01\sipi%Setup\000001\emds_dsn\design
FEM_VMESH v1.109.55
Building Model
Generated 67926 tetrahedra
 
COMPUTING SOLUTION
------------------
 
sample    frequency  |  nbUnknowns    mem(GB)  Elapsed time     CPU time  solver  nbIter     normRes
---------------------|------------------------------------------------------------------------------
     1   10.000 kHz  |      120839      0.674    00:00:09.4   00:00:16.3    Dm64                    
     2   21.544 kHz  |      120839      0.697    00:00:03.7   00:00:08.2    Dm64                    
     3   46.416 kHz  |      120839      0.698    00:00:03.6   00:00:08.1    Dm64                    
     4  100.000 kHz  |      120839      0.698    00:00:03.8   00:00:08.6    Dm64                    
     5  215.443 kHz  |      120839      0.699    00:00:03.6   00:00:08.0    Dm64                    
     6  464.159 kHz  |      120839      0.699    00:00:03.6   00:00:08.1    Dm64                    
     7    1.000 MHz  |      120839      0.699    00:00:03.4   00:00:07.8    Dm64                    
     8    2.154 MHz  |      120839      0.699    00:00:03.5   00:00:07.8    Dm64                    
     9    4.642 MHz  |      120839      0.699    00:00:03.5   00:00:08.3    Dm64                    
    10   10.000 MHz  |      120839      0.699    00:00:03.5   00:00:08.2    Dm64                    
    11   21.544 MHz  |      120839      0.699    00:00:03.5   00:00:08.0    Dm64                    
    12   46.416 MHz  |      120839      0.699    00:00:03.5   00:00:07.8    Dm64                    
    13  100.000 MHz  |      120839      0.699    00:00:03.5   00:00:08.1    Dm64                    
    14  215.443 MHz  |      120839      0.699    00:00:03.5   00:00:07.9    Dm64                    
    15  300.000 MHz  |      120839      0.699    00:00:03.5   00:00:08.2    Dm64                    
------------------------------------------------
DISTRIBUTION SUMMARY:
master 0    on DESKTOP-ABQCKT3 
solver 1    on DESKTOP-ABQCKT3:  #freq:15    
------------------------------------------------
------------------------------------------------
  Total Elapsed Time = 0:01:07
------------------------------------------------
FEM engine                : 372.000 2020-02-24
FEM solver                : 1.3.0
AFS                       : 3.1.1
Machine                   : DESKTOP-ABQCKT3
Maximum number of threads : Automatic
Maximum number of solvers : 1
Date                      : Tue Sep 22 10:16:10 2020
Design                    : E:\Github\youtube-current-return-path\Return Current Path_wrk\simulation\PCB01_lib\%P%C%B01\sipi%Setup\000001\emds_dsn\design
FEM_VMESH v1.109.55
Building Model
Generated 67926 tetrahedra
 
COMPUTING SOLUTION
------------------
 
sample    frequency  |  nbUnknowns    mem(GB)  Elapsed time     CPU time  solver  nbIter     normRes
---------------------|------------------------------------------------------------------------------
     1    0.010 Hz   |      120839      0.674    00:00:09.5   00:00:15.7      LF                    
     2   10.000 Hz   |      120839      0.674    00:00:09.5   00:00:15.7   reuse                    
     3   21.544 Hz   |      120839      0.674    00:00:09.5   00:00:15.7   reuse                    
     4   46.416 Hz   |      120839      0.674    00:00:09.5   00:00:15.7   reuse                    
     5  100.000 Hz   |      120839      0.674    00:00:09.5   00:00:15.7   reuse                    
     6  215.443 Hz   |      120839      0.674    00:00:09.5   00:00:15.7   reuse                    
     7  464.159 Hz   |      120839      0.674    00:00:09.5   00:00:15.7   reuse                    
     8    2.154 kHz  |      120839      0.698    00:00:04.4   00:00:08.3    Dm64                    
     9    4.642 kHz  |      120839      0.698    00:00:03.7   00:00:08.3    Dm64                    
    10   10.000 kHz  |      120839      0.698    00:00:03.7   00:00:08.5    Dm64                    
    11   21.544 kHz  |      120839      0.698    00:00:03.5   00:00:07.9    Dm64                    
    12   46.416 kHz  |      120839      0.698    00:00:03.5   00:00:07.9    Dm64                    
    13  100.000 kHz  |      120839      0.698    00:00:03.4   00:00:07.8    Dm64                    
    14  215.443 kHz  |      120839      0.698    00:00:03.5   00:00:08.1    Dm64                    
    15  464.159 kHz  |      120839      0.698    00:00:03.5   00:00:08.1    Dm64                    
    16    1.000 MHz  |      120839      0.698    00:00:03.4   00:00:08.3    Dm64                    
    17    2.154 MHz  |      120839      0.698    00:00:03.5   00:00:08.3    Dm64                    
    18    4.642 MHz  |      120839      0.698    00:00:03.5   00:00:07.9    Dm64                    
    19   10.000 MHz  |      120839      0.698    00:00:03.5   00:00:07.9    Dm64                    
    20   21.544 MHz  |      120839      0.698    00:00:03.4   00:00:07.7    Dm64                    
    21   46.416 MHz  |      120839      0.698    00:00:03.5   00:00:08.0    Dm64                    
    22  100.000 MHz  |      120839      0.698    00:00:03.6   00:00:08.1    Dm64                    
    23  215.443 MHz  |      120839      0.698    00:00:03.5   00:00:08.0    Dm64                    
    24  300.000 MHz  |      120839      0.698    00:00:03.4   00:00:07.8    Dm64                    
------------------------------------------------
DISTRIBUTION SUMMARY:
master 0    on DESKTOP-ABQCKT3 
solver 1    on DESKTOP-ABQCKT3:  #freq:18    
------------------------------------------------
------------------------------------------------
  Total Elapsed Time = 0:01:18
------------------------------------------------
FEM engine                : 372.000 2020-02-24
FEM solver                : 1.3.0
AFS                       : 3.1.1
Machine                   : DESKTOP-ABQCKT3
Maximum number of threads : Automatic
Maximum number of solvers : 1
Date                      : Tue Sep 22 10:19:48 2020
Design                    : E:\Github\youtube-current-return-path\Return Current Path_wrk\simulation\PCB01_lib\%P%C%B01\sipi%Setup\000001\emds_dsn\design
FEM_VMESH v1.109.55
Building Model
Generated 67926 tetrahedra
 
COMPUTING SOLUTION
------------------
 
sample    frequency  |  nbUnknowns    mem(GB)  Elapsed time     CPU time  solver  nbIter     normRes
---------------------|------------------------------------------------------------------------------
     1    0.000 Hz   |      120839      0.675    00:00:09.2   00:00:16.3      LF                    
     2   10.000 Hz   |      120839      0.675    00:00:09.2   00:00:16.3   reuse                    
     3   21.544 Hz   |      120839      0.675    00:00:09.2   00:00:16.3   reuse                    
     4   46.416 Hz   |      120839      0.675    00:00:09.2   00:00:16.3   reuse                    
     5  100.000 Hz   |      120839      0.675    00:00:09.2   00:00:16.3   reuse                    
     6  215.443 Hz   |      120839      0.675    00:00:09.2   00:00:16.3   reuse                    
     7  464.159 Hz   |      120839      0.675    00:00:09.2   00:00:16.3   reuse                    
     8    2.154 kHz  |      120839      0.699    00:00:04.0   00:00:08.8    Dm64                    
     9    4.642 kHz  |      120839      0.699    00:00:03.7   00:00:08.6    Dm64                    
    10   10.000 kHz  |      120839      0.700    00:00:03.8   00:00:08.4    Dm64                    
    11   21.544 kHz  |      120839      0.700    00:00:03.8   00:00:08.5    Dm64                    
    12   46.416 kHz  |      120839      0.700    00:00:03.8   00:00:09.0    Dm64                    
    13  100.000 kHz  |      120839      0.700    00:00:03.7   00:00:08.4    Dm64                    
    14  215.443 kHz  |      120839      0.700    00:00:03.7   00:00:08.1    Dm64                    
    15  464.159 kHz  |      120839      0.700    00:00:03.5   00:00:07.9    Dm64                    
    16    1.000 MHz  |      120839      0.700    00:00:03.7   00:00:08.3    Dm64                    
    17    2.154 MHz  |      120839      0.700    00:00:03.5   00:00:08.0    Dm64                    
    18    4.642 MHz  |      120839      0.700    00:00:03.5   00:00:07.9    Dm64                    
    19   10.000 MHz  |      120839      0.700    00:00:03.5   00:00:08.0    Dm64                    
    20   21.544 MHz  |      120839      0.700    00:00:03.5   00:00:08.0    Dm64                    
    21   46.416 MHz  |      120839      0.700    00:00:03.6   00:00:08.1    Dm64                    
    22  100.000 MHz  |      120839      0.700    00:00:03.5   00:00:08.0    Dm64                    
    23  215.443 MHz  |      120839      0.700    00:00:03.6   00:00:08.2    Dm64                    
    24  300.000 MHz  |      120839      0.700    00:00:03.6   00:00:08.1    Dm64                    
------------------------------------------------
DISTRIBUTION SUMMARY:
master 0    on DESKTOP-ABQCKT3 
solver 1    on DESKTOP-ABQCKT3:  #freq:18    
------------------------------------------------
------------------------------------------------
  Total Elapsed Time = 0:01:19
------------------------------------------------
FEM engine                : 372.000 2020-02-24
FEM solver                : 1.3.0
AFS                       : 3.1.1
Machine                   : DESKTOP-ABQCKT3
Maximum number of threads : Automatic
Maximum number of solvers : 1
Date                      : Tue Sep 22 10:22:39 2020
Design                    : E:\Github\youtube-current-return-path\Return Current Path_wrk\simulation\PCB01_lib\%P%C%B01\sipi%Setup\000001\emds_dsn\design
FEM_VMESH v1.109.55
Building Model
Generated 67926 tetrahedra
 
COMPUTING SOLUTION
------------------
 
sample    frequency  |  nbUnknowns    mem(GB)  Elapsed time     CPU time  solver  nbIter     normRes
---------------------|------------------------------------------------------------------------------
     1    0.000 Hz   |      120839      0.678    00:00:09.4   00:00:16.4      LF                    
     2   10.000 Hz   |      120839      0.678    00:00:09.4   00:00:16.4   reuse                    
     3   21.544 Hz   |      120839      0.678    00:00:09.4   00:00:16.4   reuse                    
     4   46.416 Hz   |      120839      0.678    00:00:09.4   00:00:16.4   reuse                    
     5  100.000 Hz   |      120839      0.678    00:00:09.4   00:00:16.4   reuse                    
     6  215.443 Hz   |      120839      0.678    00:00:09.4   00:00:16.4   reuse                    
     7  464.159 Hz   |      120839      0.678    00:00:09.4   00:00:16.4   reuse                    
     8    2.154 kHz  |      120839      0.702    00:00:04.2   00:00:08.1    Dm64                    
     9    4.642 kHz  |      120839      0.702    00:00:03.4   00:00:07.8    Dm64                    
    10   10.000 kHz  |      120839      0.702    00:00:03.6   00:00:08.1    Dm64                    
    11   21.544 kHz  |      120839      0.702    00:00:03.5   00:00:08.1    Dm64                    
    12   46.416 kHz  |      120839      0.702    00:00:03.5   00:00:08.0    Dm64                    
    13  100.000 kHz  |      120839      0.702    00:00:03.4   00:00:07.7    Dm64                    
    14  215.443 kHz  |      120839      0.702    00:00:03.5   00:00:08.0    Dm64                    
    15  464.159 kHz  |      120839      0.702    00:00:03.6   00:00:08.1    Dm64                    
    16    1.000 MHz  |      120839      0.702    00:00:03.4   00:00:07.8    Dm64                    
    17    2.154 MHz  |      120839      0.702    00:00:03.5   00:00:07.8    Dm64                    
    18    4.642 MHz  |      120839      0.702    00:00:03.5   00:00:08.3    Dm64                    
    19   10.000 MHz  |      120839      0.702    00:00:03.5   00:00:08.1    Dm64                    
    20   21.544 MHz  |      120839      0.702    00:00:03.6   00:00:08.0    Dm64                    
    21   46.416 MHz  |      120839      0.702    00:00:03.7   00:00:08.4    Dm64                    
    22  100.000 MHz  |      120839      0.702    00:00:03.7   00:00:08.0    Dm64                    
    23  215.443 MHz  |      120839      0.702    00:00:03.7   00:00:08.4    Dm64                    
    24  300.000 MHz  |      120839      0.702    00:00:03.7   00:00:07.9    Dm64                    
------------------------------------------------
DISTRIBUTION SUMMARY:
master 0    on DESKTOP-ABQCKT3 
solver 1    on DESKTOP-ABQCKT3:  #freq:18    
------------------------------------------------
------------------------------------------------
  Total Elapsed Time = 0:01:18
------------------------------------------------
FEM engine                : 372.000 2020-02-24
FEM solver                : 1.3.0
AFS                       : 3.1.1
Machine                   : DESKTOP-ABQCKT3
Maximum number of threads : Automatic
Maximum number of solvers : 1
Date                      : Tue Sep 22 10:26:41 2020
Design                    : E:\Github\youtube-current-return-path\Return Current Path_wrk\simulation\PCB01_lib\%P%C%B01\sipi%Setup\000001\emds_dsn\design
FEM_VMESH v1.109.55
Building Model
Generated 67926 tetrahedra
 
COMPUTING SOLUTION
------------------
 
sample    frequency  |  nbUnknowns    mem(GB)  Elapsed time     CPU time  solver  nbIter     normRes
---------------------|------------------------------------------------------------------------------
     1    0.000 Hz   |      103395      0.501    00:00:07.8   00:00:12.5      LF                    
     2   10.000 Hz   |      103395      0.501    00:00:07.8   00:00:12.5   reuse                    
     3   21.544 Hz   |      103395      0.501    00:00:07.8   00:00:12.5   reuse                    
     4   46.416 Hz   |      103395      0.501    00:00:07.8   00:00:12.5   reuse                    
     5  100.000 Hz   |      103395      0.501    00:00:07.8   00:00:12.5   reuse                    
     6  215.443 Hz   |      103395      0.501    00:00:07.8   00:00:12.5   reuse                    
     7  464.159 Hz   |      103395      0.501    00:00:07.8   00:00:12.5   reuse                    
     8    2.154 kHz  |      103395      0.533    00:00:03.3   00:00:06.0    Dm64                    
     9    4.642 kHz  |      103395      0.533    00:00:03.0   00:00:05.5    Dm64                    
    10   10.000 kHz  |      103395      0.533    00:00:03.0   00:00:05.9    Dm64                    
    11   21.544 kHz  |      103395      0.533    00:00:03.1   00:00:06.2    Dm64                    
    12   46.416 kHz  |      103395      0.533    00:00:03.0   00:00:05.8    Dm64                    
    13  100.000 kHz  |      103395      0.533    00:00:02.9   00:00:05.7    Dm64                    
    14  215.443 kHz  |      103395      0.533    00:00:03.0   00:00:05.8    Dm64                    
    15  464.159 kHz  |      103395      0.534    00:00:03.1   00:00:06.0    Dm64                    
    16    1.000 MHz  |      103395      0.534    00:00:03.0   00:00:05.6    Dm64                    
    17    2.154 MHz  |      103395      0.535    00:00:03.0   00:00:05.9    Dm64                    
    18    4.642 MHz  |      103395      0.535    00:00:03.0   00:00:06.1    Dm64                    
    19   10.000 MHz  |      103395      0.535    00:00:03.0   00:00:05.8    Dm64                    
    20   21.544 MHz  |      103395      0.535    00:00:02.9   00:00:05.7    Dm64                    
    21   46.416 MHz  |      103395      0.535    00:00:02.9   00:00:05.5    Dm64                    
    22  100.000 MHz  |      103395      0.535    00:00:02.9   00:00:05.9    Dm64                    
    23  215.443 MHz  |      103395      0.535    00:00:03.1   00:00:06.3    Dm64                    
    24  300.000 MHz  |      103395      0.535    00:00:03.0   00:00:06.0    Dm64                    
    25  257.722 MHz  |      103395      0.535    00:00:03.8   00:00:05.6    Dm64                    
------------------------------------------------
DISTRIBUTION SUMMARY:
master 0    on DESKTOP-ABQCKT3 
solver 1    on DESKTOP-ABQCKT3:  #freq:19    
------------------------------------------------
------------------------------------------------
  Total Elapsed Time = 0:01:12
------------------------------------------------
FEM engine                : 372.000 2020-02-24
FEM solver                : 1.3.0
AFS                       : 3.1.1
Machine                   : DESKTOP-ABQCKT3
Maximum number of threads : Automatic
Maximum number of solvers : 1
Date                      : Tue Sep 22 10:29:17 2020
Design                    : E:\Github\youtube-current-return-path\Return Current Path_wrk\simulation\PCB01_lib\%P%C%B01\sipi%Setup\000001\emds_dsn\design
FEM_VMESH v1.109.55
Building Model
Generated 67926 tetrahedra
 
COMPUTING SOLUTION
------------------
 
sample    frequency  |  nbUnknowns    mem(GB)  Elapsed time     CPU time  solver  nbIter     normRes
---------------------|------------------------------------------------------------------------------
     1    0.000 Hz   |      120839      0.674    00:00:08.8   00:00:16.2      LF                    
     2   10.000 Hz   |      120839      0.674    00:00:08.8   00:00:16.2   reuse                    
     3   21.544 Hz   |      120839      0.674    00:00:08.8   00:00:16.2   reuse                    
     4   46.416 Hz   |      120839      0.674    00:00:08.8   00:00:16.2   reuse                    
     5  100.000 Hz   |      120839      0.674    00:00:08.8   00:00:16.2   reuse                    
     6  215.443 Hz   |      120839      0.674    00:00:08.8   00:00:16.2   reuse                    
     7  464.159 Hz   |      120839      0.674    00:00:08.8   00:00:16.2   reuse                    
     8    2.154 kHz  |      120839      0.697    00:00:03.8   00:00:08.1    Dm64                    
     9    4.642 kHz  |      120839      0.698    00:00:03.7   00:00:07.8    Dm64                    
    10   10.000 kHz  |      120839      0.699    00:00:03.7   00:00:08.1    Dm64                    
    11   21.544 kHz  |      120839      0.699    00:00:03.7   00:00:08.1    Dm64                    
    12   46.416 kHz  |      120839      0.699    00:00:03.8   00:00:08.3    Dm64                    
    13  100.000 kHz  |      120839      0.699    00:00:03.8   00:00:08.8    Dm64                    
    14  215.443 kHz  |      120839      0.699    00:00:03.5   00:00:07.5    Dm64                    
    15  464.159 kHz  |      120839      0.699    00:00:03.5   00:00:08.3    Dm64                    
    16    1.000 MHz  |      120839      0.699    00:00:03.6   00:00:08.0    Dm64                    
    17    2.154 MHz  |      120839      0.699    00:00:03.5   00:00:08.2    Dm64                    
    18    4.642 MHz  |      120839      0.699    00:00:03.5   00:00:08.2    Dm64                    
    19   10.000 MHz  |      120839      0.699    00:00:03.6   00:00:08.0    Dm64                    
    20   21.544 MHz  |      120839      0.699    00:00:03.6   00:00:08.2    Dm64                    
    21   46.416 MHz  |      120839      0.699    00:00:03.6   00:00:08.5    Dm64                    
    22  100.000 MHz  |      120839      0.699    00:00:03.5   00:00:07.9    Dm64                    
    23  215.443 MHz  |      120839      0.699    00:00:03.5   00:00:08.0    Dm64                    
    24  300.000 MHz  |      120839      0.699    00:00:03.5   00:00:07.4    Dm64                    
------------------------------------------------
DISTRIBUTION SUMMARY:
master 0    on DESKTOP-ABQCKT3 
solver 1    on DESKTOP-ABQCKT3:  #freq:18    
------------------------------------------------
------------------------------------------------
  Total Elapsed Time = 0:01:18
------------------------------------------------