Generating Mesh	0.570042
Generating Mesh\Assigning Materials 	0.0018323
Generating Mesh\Computing Aabb 	0.0001514
Generating Mesh\Generating surface mesh 	0.227286
Generating Mesh\Generating surface mesh \Assigning properties	0.0047019
Generating Mesh\Generating surface mesh \Checking surface mesh consistency	0.0032285
Generating Mesh\Generating surface mesh \Computing Aabbs	0.0002353
Generating Mesh\Generating surface mesh \Convert Global Mesh into Local Meshes	0.010302
Generating Mesh\Generating surface mesh \Convert Global Mesh into Local Meshes\Stabilizing mesh	9.1e-05
Generating Mesh\Generating surface mesh \Faceting	0.205964
Generating Mesh\Healing input 	0.0002223
Generating Mesh\Reading Design 	0.0280163
Generating Mesh\Refining Surface Mesh	0.298559
Generating Mesh\Refining Surface Mesh\Checking via	5.03e-05
Generating Mesh\Refining Surface Mesh\Convert Local Mesh to Global Mesh	0.0146107
Generating Mesh\Refining Surface Mesh\Detecting Connectivity Problems	0.0076321
Generating Mesh\Refining Surface Mesh\Insert pins MT	0.0650812
Generating Mesh\Refining Surface Mesh\Locating Pins	0.0449351
Generating Mesh\Refining Surface Mesh\Locating Pins\Locating instances on layers	0.0321937
Generating Mesh\Refining Surface Mesh\Locating Pins\Locating pins on layers	0.0126719
Generating Mesh\Refining Surface Mesh\Looking for Electrically Isolated Patches 	0.0121076
Generating Mesh\Refining Surface Mesh\Mark electrical interconnects	0.0038008
Generating Mesh\Refining Surface Mesh\Marking Degenerate Elements	0.0045268
Generating Mesh\Refining Surface Mesh\Marking Vias	0.0005752
Generating Mesh\Refining Surface Mesh\Marking thickness for non-circular vias	5.79e-05
Generating Mesh\Refining Surface Mesh\Pruning Surface Mesh 	0.009968
Generating Mesh\Refining Surface Mesh\Recovering surface attributes 	0.0006707
Generating Mesh\Refining Surface Mesh\Writing ASCII surface mesh file 	0.110784
Generating Mesh\Refining Surface Mesh\Writing BINARY surface mesh file 	0.0181962
Shutting down modeling environment	0.0005829
Starting modeling environment	0.0044946
