Generating Mesh	1.61846
Generating Mesh\Applying surface boundary conditions 	0.0014669
Generating Mesh\Applying surface boundary conditions \BuildSignalKdTree	0.0013316
Generating Mesh\Assigning Materials 	0.0011804
Generating Mesh\Assigning cell attributes 	0.0010754
Generating Mesh\Cell based recovery 	2.5e-06
Generating Mesh\Computing Aabb 	6.06e-05
Generating Mesh\Creating inputsegments	0.0002159
Generating Mesh\Extend Mesh XYZ Prism Padding, XY Geometry	0.190874
Generating Mesh\Filling 3D structures	0.0038881
Generating Mesh\Filling 3D structures\Extending signal laterally	0.0002521
Generating Mesh\Filling 3D structures\Recovering surface attributes 	0.0005204
Generating Mesh\Filtering points close to existing mesh	0.0560567
Generating Mesh\Filtering points close to existing mesh\filterPointsTooCloseToLineSegments	0.0560528
Generating Mesh\Filtering points close to existing mesh\filterPointsTooCloseToLineSegments\building capsuletree	0.0531853
Generating Mesh\Filtering points close to existing mesh\filterPointsTooCloseToLineSegments\querying capsuletree	0.0027688
Generating Mesh\Generating Boundary Conditions on Bounding Box	0.0095967
Generating Mesh\Generating CELL signatures	0.0002743
Generating Mesh\Generating background lattice	0.0097787
Generating Mesh\Generating background lattice\Filtering way too close points	0.001548
Generating Mesh\Generating surface mesh 	0.106013
Generating Mesh\Generating surface mesh \Checking surface mesh consistency	0.0023835
Generating Mesh\Generating surface mesh \Computing Aabbs	0.0001342
Generating Mesh\Generating surface mesh \Convert Global Mesh into Local Meshes	0.0068178
Generating Mesh\Generating surface mesh \Convert Global Mesh into Local Meshes\Stabilizing mesh	6.75e-05
Generating Mesh\Generating tet mesh 	0.373392
Generating Mesh\Healing input 	0.0001459
Generating Mesh\Locating pins on layers	0.0006905
Generating Mesh\Reading Design 	0.0259015
Generating Mesh\Recovering cell attributes 	0.0115977
Generating Mesh\Recovering surface attributes	0.103634
Generating Mesh\Recovering surface attributes\Extending signal 	0.0424795
Generating Mesh\Recovering topology 	0.258126
Generating Mesh\Recovering topology \convert tetgen to ovm	0.257809
Generating Mesh\Refinining Surfaces	0.187457
Generating Mesh\Refinining Surfaces\Meshing surfaces 	0.187454
Generating Mesh\Refinining Surfaces\Meshing surfaces \Refinining Boundary edges	0.0588886
Generating Mesh\Refinining Surfaces\Meshing surfaces \Refinining Boundary edges\Create Grading function	1.61e-05
Generating Mesh\Relocating Pins after 3d meshing	1.97e-05
Generating Mesh\Relocating meshless vias	0.0012003
Generating Mesh\Relocating pins on layers before 3d meshing	1.77e-05
Generating Mesh\Remapping cell attributes 	8.6e-06
Generating Mesh\Replacing Vias By Meshless Vias	0.0019715
Generating Mesh\Replacing multi pins ports	2.05e-05
Generating Mesh\Updating Calcbridge file	0.0066956
Generating Mesh\Verifying mapping cell attributes 	3.4e-06
Generating Mesh\Writing BINARY vol mesh file 	0.221883
Shutting down modeling environment	0.0007193
Starting modeling environment	0.0033654
