

=======================================================================
=======================================================================
=======================================================================


Flimit=1000, Fmin=0.001
adaptively solving frequency plan: 
discrete frequencies: 0.001 Hz 10 Hz 21.5443 Hz 46.4159 Hz 100 Hz 215.443 Hz 464.159 Hz 1 kHz 2.15443 kHz 4.64159 kHz 10 kHz 21.5443 kHz 46.4159 kHz 100 kHz 215.443 kHz 464.159 kHz 1 MHz 2.15443 MHz 4.64159 MHz 10 MHz 21.5443 MHz 46.4159 MHz 100 MHz 215.443 MHz 300 MHz 
frequency ranges: 
[ 0.001 Hz , 300 MHz ], #=300
Fdc = 1000
no cutoff intervals detected
cutoff intervals:
== ISOLATED DISCRETE FREQUENCIES ==========================

===============================================
== ADAPTIVE FIT in [1e-06 , 0.3] GHz, maxNbSamples=300 =========================
===============================================
Fitting options : 
  nbInitialSamplesPerInterval                : 4
  nbTestPointsPerInterval                    : 10
  maxDepthDifference                         : 3
  relFreqFactorForDistance                   : 0
  nbTestPointsForDistance                    : 1
  maxDistanceBetweenModels                   : 0.01
  maxDistanceFromSamples                     : 0.001
  nbNewSamples                               : 1
  nbNewDiscreteSamples                       : 0
  maxNbIntervalsToBeSubdivided               : 1
  maxNbSamples                               : 300
  minAbsDistanceBetweenSubsequentFrequencies : 10
  minRelDistanceBetweenSubsequentFrequencies : 0.001
  passivityThreshold                         : 0.005
  useSvdForPassivity                         : 0
  enforcePassivity                           : 0
  maxPhaseDifferenceBetweenSubsequentSamples : 2.0944
  unwrapPhaseDifference                      : 0
  amplitudeThresholdForMaxPhaseDifference    : 0.1
  maxNbSamplesInModelRange                   : 30
  model type for S-parameters                : 3
  #poles - #zeros                            : [-1 , -1]
  maxNbPoles                                 : 100
  maxImpedanceRelDistanceFromSamples         : 0.01
  maxNbThreads                               : 4
  extrapolateToDc                            : 0
  vectorfitting_mirrorPolesIntoLHP           : 0
  vectorfitting_maxNbIterations              : 5
  vectorfitting_leastSquaresMode             : QR
  vectorfitting_incremental                  : 1
== #samples 18 ======================
sorted and limited errors, not satisfying the fitting constraints: none
--> checking accuracy of fitted Z : checking Z                               : etime=00:00:00.0    ctime=00:00:00.0    rss= 27.133 Mbyte     virtual= 17.031 Mbyte      sec
FITTED IMPEDANCES ARE NOT ACCURATE
--> changing maxDistanceFromSamples:
	at 1 kHz : 1e-05
	at 2.15443 kHz : 1e-05
	at 4.64159 kHz : 1e-05
	at 10 kHz : 1e-05
	at 21.5443 kHz : 1e-05
	at 46.4159 kHz : 1e-05
	at 100 kHz : 1e-05
	at 215.443 kHz : 1e-05
	at 464.159 kHz : 1e-05
	at 1 MHz : 1e-05
	at 2.15443 MHz : 1e-05
	at 4.64159 MHz : 1e-05
	at 10 MHz : 1e-05
	at 21.5443 MHz : 1e-05
	at 46.4159 MHz : 1e-05
	at 100 MHz : 1e-05
	at 215.443 MHz : 1e-05
	at 300 MHz : 1e-05
--> REFITTING
--> fit time : fit                                      : etime=00:00:00.0    ctime=00:00:00.0    rss= 27.512 Mbyte     virtual= 17.289 Mbyte      sec
--> errors   : errors                                   : etime=00:00:00.0    ctime=00:00:00.0    rss= 27.555 Mbyte     virtual= 17.371 Mbyte      sec
== #samples 18 ======================
sorted and limited errors, not satisfying the fitting constraints: 
  Fitting error in [ 2.154e+08,     3e+08], depth=0 : passivity=    -1@(        -1 Hz, r=  0, c=  0), distance=0.0108@( 2.308e+08 Hz, r=  3, c=  4), delta_phase=    -1@(        -1 Hz, r=  4, c=  4)
new frequencies (new sample frequencies                   : etime=00:00:00.0    ctime=00:00:00.0    rss= 27.555 Mbyte     virtual= 17.371 Mbyte     ) : 
  [2.154e+08 , 3e+08] : 2.577e+08, 
--> fit time : fit                                      : etime=00:00:00.0    ctime=00:00:00.0    rss= 27.734 Mbyte     virtual= 17.570 Mbyte      sec
--> errors   : errors                                   : etime=00:00:00.0    ctime=00:00:00.0    rss= 27.773 Mbyte     virtual= 17.652 Mbyte      sec
== #samples 19 ======================
sorted and limited errors, not satisfying the fitting constraints: 
  Fitting error in [ 2.577e+08,     3e+08], depth=1 : passivity=    -1@(        -1 Hz, r=  0, c=  0), distance=0.0124@( 2.693e+08 Hz, r=  4, c=  4), delta_phase=    -1@(        -1 Hz, r=  4, c=  4)
new frequencies (new sample frequencies                   : etime=00:00:00.0    ctime=00:00:00.0    rss= 27.773 Mbyte     virtual= 17.652 Mbyte     ) : 
  [2.577e+08 , 3e+08] : 2.789e+08, 
--> fit time : fit                                      : etime=00:00:00.0    ctime=00:00:00.0    rss= 27.918 Mbyte     virtual= 17.707 Mbyte      sec
--> errors   : errors                                   : etime=00:00:00.0    ctime=00:00:00.0    rss= 27.961 Mbyte     virtual= 17.797 Mbyte      sec
== #samples 20 ======================
sorted and limited errors, not satisfying the fitting constraints: none
--> checking accuracy of fitted Z : checking Z                               : etime=00:00:00.0    ctime=00:00:00.0    rss= 27.961 Mbyte     virtual= 17.797 Mbyte      sec
FITTED IMPEDANCES ARE NOT ACCURATE
--> changing maxDistanceFromSamples:
	at 1 kHz : 1e-07
	at 2.15443 kHz : 1e-07
	at 4.64159 kHz : 1e-07
	at 10 kHz : 1e-07
	at 21.5443 kHz : 1e-07
	at 46.4159 kHz : 1e-07
	at 100 kHz : 1e-07
	at 215.443 kHz : 1e-07
	at 464.159 kHz : 1e-07
	at 1 MHz : 1e-07
	at 2.15443 MHz : 1e-07
	at 4.64159 MHz : 1e-07
	at 10 MHz : 1e-07
	at 21.5443 MHz : 1e-07
	at 46.4159 MHz : 1e-07
	at 100 MHz : 1e-07
	at 257.722 MHz : 1e-05
	at 278.861 MHz : 1e-05
	at 300 MHz : 1e-07
--> REFITTING
--> fit time : fit                                      : etime=00:00:00.0    ctime=00:00:00.0    rss= 28.207 Mbyte     virtual= 18.008 Mbyte      sec
--> errors   : errors                                   : etime=00:00:00.0    ctime=00:00:00.0    rss= 28.277 Mbyte     virtual= 18.102 Mbyte      sec
== #samples 20 ======================
sorted and limited errors, not satisfying the fitting constraints: none
--> checking accuracy of fitted Z : checking Z                               : etime=00:00:00.0    ctime=00:00:00.0    rss= 28.277 Mbyte     virtual= 18.102 Mbyte      sec
FITTED IMPEDANCES ARE NOT ACCURATE
--> changing maxDistanceFromSamples:
	at 1 kHz : 1e-09
	at 2.15443 kHz : 1e-09
	at 4.64159 kHz : 1e-09
	at 10 kHz : 1e-09
	at 21.5443 kHz : 1e-09
	at 46.4159 kHz : 1e-09
	at 100 kHz : 1e-09
	at 215.443 kHz : 1e-09
	at 464.159 kHz : 1e-09
	at 1 MHz : 1e-09
	at 2.15443 MHz : 1e-09
	at 10 MHz : 1e-09
--> REFITTING
--> fit time : fit                                      : etime=00:00:00.0    ctime=00:00:00.0    rss= 28.496 Mbyte     virtual= 18.258 Mbyte      sec
--> errors   : errors                                   : etime=00:00:00.0    ctime=00:00:00.0    rss= 28.578 Mbyte     virtual= 18.383 Mbyte      sec
== #samples 20 ======================
sorted and limited errors, not satisfying the fitting constraints: none
--> checking accuracy of fitted Z : checking Z                               : etime=00:00:00.0    ctime=00:00:00.0    rss= 28.578 Mbyte     virtual= 18.383 Mbyte      sec
--> CONVERGED