Generating Mesh	1.58044
Generating Mesh\Applying surface boundary conditions 	0.0014124
Generating Mesh\Applying surface boundary conditions \BuildSignalKdTree	0.0012854
Generating Mesh\Assigning Materials 	0.0012288
Generating Mesh\Assigning cell attributes 	0.0010516
Generating Mesh\Cell based recovery 	2.3e-06
Generating Mesh\Computing Aabb 	0.0001547
Generating Mesh\Creating inputsegments	0.0002178
Generating Mesh\Extend Mesh XYZ Prism Padding, XY Geometry	0.201361
Generating Mesh\Filling 3D structures	0.0036385
Generating Mesh\Filling 3D structures\Extending signal laterally	0.0002641
Generating Mesh\Filling 3D structures\Recovering surface attributes 	0.0005221
Generating Mesh\Filtering points close to existing mesh	0.0582378
Generating Mesh\Filtering points close to existing mesh\filterPointsTooCloseToLineSegments	0.0582346
Generating Mesh\Filtering points close to existing mesh\filterPointsTooCloseToLineSegments\building capsuletree	0.0553903
Generating Mesh\Filtering points close to existing mesh\filterPointsTooCloseToLineSegments\querying capsuletree	0.0028366
Generating Mesh\Generating Boundary Conditions on Bounding Box	0.0095701
Generating Mesh\Generating CELL signatures	0.000277
Generating Mesh\Generating background lattice	0.0097739
Generating Mesh\Generating background lattice\Filtering way too close points	0.00164
Generating Mesh\Generating surface mesh 	0.112488
Generating Mesh\Generating surface mesh \Checking surface mesh consistency	0.0033736
Generating Mesh\Generating surface mesh \Computing Aabbs	0.0001354
Generating Mesh\Generating surface mesh \Convert Global Mesh into Local Meshes	0.0080747
Generating Mesh\Generating surface mesh \Convert Global Mesh into Local Meshes\Stabilizing mesh	7.1e-05
Generating Mesh\Generating tet mesh 	0.342992
Generating Mesh\Healing input 	0.0001646
Generating Mesh\Locating pins on layers	0.0005929
Generating Mesh\Reading Design 	0.0236006
Generating Mesh\Recovering cell attributes 	0.0104531
Generating Mesh\Recovering surface attributes	0.103142
Generating Mesh\Recovering surface attributes\Extending signal 	0.041784
Generating Mesh\Recovering topology 	0.246971
Generating Mesh\Recovering topology \convert tetgen to ovm	0.246789
Generating Mesh\Refinining Surfaces	0.187365
Generating Mesh\Refinining Surfaces\Meshing surfaces 	0.187359
Generating Mesh\Refinining Surfaces\Meshing surfaces \Refinining Boundary edges	0.0621407
Generating Mesh\Refinining Surfaces\Meshing surfaces \Refinining Boundary edges\Create Grading function	6.7e-06
Generating Mesh\Relocating Pins after 3d meshing	2.02e-05
Generating Mesh\Relocating meshless vias	0.0013616
Generating Mesh\Relocating pins on layers before 3d meshing	1.73e-05
Generating Mesh\Remapping cell attributes 	8.5e-06
Generating Mesh\Replacing Vias By Meshless Vias	0.0010724
Generating Mesh\Replacing multi pins ports	2.3e-05
Generating Mesh\Updating Calcbridge file	0.0077937
Generating Mesh\Verifying mapping cell attributes 	3.4e-06
Generating Mesh\Writing BINARY vol mesh file 	0.207509
Shutting down modeling environment	0.0007868
Starting modeling environment	0.0034556
