Generating Mesh	0.60008
Generating Mesh\Assigning Materials 	0.0018807
Generating Mesh\Computing Aabb 	0.0001124
Generating Mesh\Generating surface mesh 	0.222579
Generating Mesh\Generating surface mesh \Assigning properties	0.0032877
Generating Mesh\Generating surface mesh \Checking surface mesh consistency	0.0032537
Generating Mesh\Generating surface mesh \Computing Aabbs	0.0002589
Generating Mesh\Generating surface mesh \Convert Global Mesh into Local Meshes	0.010602
Generating Mesh\Generating surface mesh \Convert Global Mesh into Local Meshes\Stabilizing mesh	8.98e-05
Generating Mesh\Generating surface mesh \Faceting	0.201789
Generating Mesh\Healing input 	0.0002282
Generating Mesh\Reading Design 	0.021978
Generating Mesh\Refining Surface Mesh	0.337561
Generating Mesh\Refining Surface Mesh\Checking via	5.29e-05
Generating Mesh\Refining Surface Mesh\Convert Local Mesh to Global Mesh	0.015054
Generating Mesh\Refining Surface Mesh\Detecting Connectivity Problems	0.0046474
Generating Mesh\Refining Surface Mesh\Insert pins MT	0.113797
Generating Mesh\Refining Surface Mesh\Locating Pins	0.0391689
Generating Mesh\Refining Surface Mesh\Locating Pins\Locating instances on layers	0.026185
Generating Mesh\Refining Surface Mesh\Locating Pins\Locating pins on layers	0.0129592
Generating Mesh\Refining Surface Mesh\Looking for Electrically Isolated Patches 	0.0064294
Generating Mesh\Refining Surface Mesh\Mark electrical interconnects	0.0039038
Generating Mesh\Refining Surface Mesh\Marking Degenerate Elements	0.0023909
Generating Mesh\Refining Surface Mesh\Marking Vias	0.000537
Generating Mesh\Refining Surface Mesh\Marking thickness for non-circular vias	8.58e-05
Generating Mesh\Refining Surface Mesh\Pruning Surface Mesh 	0.0087576
Generating Mesh\Refining Surface Mesh\Recovering surface attributes 	0.0005032
Generating Mesh\Refining Surface Mesh\Writing ASCII surface mesh file 	0.119029
Generating Mesh\Refining Surface Mesh\Writing BINARY surface mesh file 	0.0164491
Shutting down modeling environment	0.0005618
Starting modeling environment	0.003393
