
Starting the DC solver at Tue Sep 22 14:07:30 2020
Creating the DC circuit
..parsing the options file 
..using NUMBER_OF_PROCESSORS = 8
..parsing the layout file 
..parsing the stimulus file 
..extracting the connectivity 
..extracting the substrate 
Initializing electric analysis
Electric analysis
..loading the electric component models
..electric matrix size: 6470
..loading the electric matrix equation
..solving the electric matrix equation
.........|.........|.........|.........|
..max voltage: 1.49997
..writing the output files
Electric N-port analysis
..number of ports: 6
..loading the electric component models
..electric matrix size: 6470
..loading the electric matrix equation
..solving the electric matrix equation
.........|.........|.........|.........|
..writing the model file
DC solver resources
..elapsed time: 0.6 s
..user time: 2.2 s
..physical memory: 22 MB
..virtual memory: 24 MB

